2026-07-01 19:58:31,967 INFO === analyze_image.py ===
2026-07-01 19:58:31,967 INFO Input  : D:\PTIT\DTT\Nguyen_Huu_Hoang_Anh\260701\24class_test_images\000070.jpg
2026-07-01 19:58:31,967 INFO Output : runs\000070
2026-07-01 19:58:31,967 INFO Model  : D:\PTIT\DTT\Nguyen_Huu_Hoang_Anh\260701\tools\best_24Class_Soft_Angular_BCE.pt
2026-07-01 19:58:31,967 INFO IoU threshold (grouping): 0.5
2026-07-01 19:58:31,967 INFO Top-K anchors           : 200
2026-07-01 19:58:31,993 INFO Ảnh gốc: 2560×1440 → crop 1440×1440 → resize 640×640
2026-07-01 19:58:34,115 INFO Device: cpu
2026-07-01 19:58:34,180 INFO Model: best_24Class_Soft_Angular_BCE.pt  |  Classes: 24
2026-07-01 19:58:34,180 INFO Class→Angle mapping: {'Leanbot_0': 0.0, 'Leanbot_p15': 15.0, 'Leanbot_p30': 30.0, 'Leanbot_p45': 45.0, 'Leanbot_p60': 60.0, 'Leanbot_p75': 75.0, 'Leanbot_p90': 90.0, 'Leanbot_p105': 105.0, 'Leanbot_p120': 120.0, 'Leanbot_p135': 135.0, 'Leanbot_p150': 150.0, 'Leanbot_p165': 165.0, 'Leanbot_p180': 180.0, 'Leanbot_p195': 195.0, 'Leanbot_m150': -150.0, 'Leanbot_m135': -135.0, 'Leanbot_m120': -120.0, 'Leanbot_m105': -105.0, 'Leanbot_m90': -90.0, 'Leanbot_m75': -75.0, 'Leanbot_m60': -60.0, 'Leanbot_m45': -45.0, 'Leanbot_m30': -30.0, 'Leanbot_m15': -15.0}
2026-07-01 19:58:34,360 INFO Tổng số anchor thô: 8400
2026-07-01 19:58:34,370 INFO Top-200 anchors được chọn
2026-07-01 19:58:34,392 INFO raw_anchors.csv đã lưu (200 dòng)
2026-07-01 19:58:34,480 INFO Số group sau khi gom (IoU>0.5): 12
2026-07-01 19:58:34,494 INFO grouped_anchors.csv đã lưu (200 dòng)
2026-07-01 19:58:34,506 INFO vector_summary.csv đã lưu (12 nhóm)
2026-07-01 19:58:34,515 INFO detected_groups.jpg đã lưu
2026-07-01 19:58:34,578 INFO debug_groups.csv đã lưu (200 dòng)
2026-07-01 19:58:34,578 INFO 
=== KẾT QUẢ PHÂN TÍCH ===
2026-07-01 19:58:34,585 INFO group_id anchors  magnitude     angle     x_c     y_c       w       h  image
2026-07-01 19:58:34,585 INFO --------------------------------------------------------------------------------
2026-07-01 19:58:34,585 INFO        3      20      15.08   -11.71°   484.4   187.8    79.1    49.1  000070.jpg
2026-07-01 19:58:34,586 INFO        1      19      14.94   -16.14°   175.2   295.5    92.5    59.9  000070.jpg
2026-07-01 19:58:34,586 INFO        6      17      14.77   -16.58°   352.3   294.2    90.1    58.8  000070.jpg
2026-07-01 19:58:34,586 INFO        2      21      12.93   -16.08°   347.6   439.9   108.8    75.1  000070.jpg
2026-07-01 19:58:34,586 INFO        8      20      12.78   -10.85°   510.0   293.1    92.5    59.4  000070.jpg
2026-07-01 19:58:34,586 INFO        7      19      12.56   -12.89°   127.0   435.5   110.5    74.3  000070.jpg
2026-07-01 19:58:34,586 INFO        4      21      11.92   -15.35°   337.8   192.2    77.5    48.2  000070.jpg
2026-07-01 19:58:34,586 INFO        5      18      11.74    -9.62°   200.8   192.5    79.1    49.3  000070.jpg
2026-07-01 19:58:34,587 INFO        9      25       9.79   -15.56°   541.3   438.5   114.4    77.2  000070.jpg
2026-07-01 19:58:34,587 INFO       10      18       0.05   161.13°   240.7   625.4    60.3    28.9  000070.jpg
2026-07-01 19:58:34,587 INFO       11       1       0.00    17.78°   520.7   413.9    70.7    26.0  000070.jpg
2026-07-01 19:58:34,587 INFO       12       1       0.00   -27.10°   485.2   239.5    99.4   157.8  000070.jpg
2026-07-01 19:58:34,587 INFO ================================================================================
2026-07-01 19:58:34,587 INFO 
Output directory: runs\000070
2026-07-01 19:58:34,587 INFO Hoàn thành.
