2026-07-01 19:45:54,266 INFO === analyze_image.py ===
2026-07-01 19:45:54,266 INFO Input  : D:\PTIT\DTT\Nguyen_Huu_Hoang_Anh\260701\24class_test_images\002.jpg
2026-07-01 19:45:54,273 INFO Output : runs\002
2026-07-01 19:45:54,273 INFO Model  : D:\PTIT\DTT\Nguyen_Huu_Hoang_Anh\260701\tools\best_24Class_Soft_Angular_BCE.pt
2026-07-01 19:45:54,273 INFO IoU threshold (grouping): 0.5
2026-07-01 19:45:54,273 INFO Top-K anchors           : 200
2026-07-01 19:45:54,310 INFO Ảnh gốc: 2560×1440 → crop 1440×1440 → resize 640×640
2026-07-01 19:45:56,125 INFO Device: cpu
2026-07-01 19:45:56,178 INFO Model: best_24Class_Soft_Angular_BCE.pt  |  Classes: 24
2026-07-01 19:45:56,178 INFO Class→Angle mapping: {'Leanbot_0': 0.0, 'Leanbot_p15': 15.0, 'Leanbot_p30': 30.0, 'Leanbot_p45': 45.0, 'Leanbot_p60': 60.0, 'Leanbot_p75': 75.0, 'Leanbot_p90': 90.0, 'Leanbot_p105': 105.0, 'Leanbot_p120': 120.0, 'Leanbot_p135': 135.0, 'Leanbot_p150': 150.0, 'Leanbot_p165': 165.0, 'Leanbot_p180': 180.0, 'Leanbot_p195': 195.0, 'Leanbot_m150': -150.0, 'Leanbot_m135': -135.0, 'Leanbot_m120': -120.0, 'Leanbot_m105': -105.0, 'Leanbot_m90': -90.0, 'Leanbot_m75': -75.0, 'Leanbot_m60': -60.0, 'Leanbot_m45': -45.0, 'Leanbot_m30': -30.0, 'Leanbot_m15': -15.0}
2026-07-01 19:45:56,345 INFO Tổng số anchor thô: 8400
2026-07-01 19:45:56,362 INFO Top-200 anchors được chọn
2026-07-01 19:45:56,382 INFO raw_anchors.csv đã lưu (200 dòng)
2026-07-01 19:45:56,443 INFO Số group sau khi gom (IoU>0.5): 12
2026-07-01 19:45:56,460 INFO grouped_anchors.csv đã lưu (200 dòng)
2026-07-01 19:45:56,473 INFO vector_summary.csv đã lưu (12 nhóm)
2026-07-01 19:45:56,479 INFO detected_groups.jpg đã lưu
2026-07-01 19:45:56,543 INFO debug_groups.csv đã lưu (200 dòng)
2026-07-01 19:45:56,543 INFO 
=== KẾT QUẢ PHÂN TÍCH ===
2026-07-01 19:45:56,544 INFO group_id anchors  magnitude     angle     x_c     y_c       w       h  image
2026-07-01 19:45:56,544 INFO --------------------------------------------------------------------------------
2026-07-01 19:45:56,544 INFO        2      22      15.34  -169.34°   569.0   328.2   101.0    60.6  002.jpg
2026-07-01 19:45:56,544 INFO        3      18      14.09  -171.94°   389.1   321.3    94.6    61.0  002.jpg
2026-07-01 19:45:56,545 INFO        7      18      13.90  -173.33°   215.2   344.9    97.7    64.6  002.jpg
2026-07-01 19:45:56,545 INFO        8      21      12.66  -170.27°   183.9   506.1   113.8    82.2  002.jpg
2026-07-01 19:45:56,546 INFO        5      25      12.15  -173.81°   407.6   498.5   123.3    82.7  002.jpg
2026-07-01 19:45:56,546 INFO        1      24      11.91  -171.14°   531.6   211.1    87.9    51.4  002.jpg
2026-07-01 19:45:56,546 INFO        6      18      11.85  -176.04°   224.4   220.8    79.9    49.6  002.jpg
2026-07-01 19:45:56,546 INFO        9      19       9.74  -166.83°   611.6   493.0    56.8    95.7  002.jpg
2026-07-01 19:45:56,546 INFO        4      24       8.93  -174.33°   381.7   215.9    80.7    49.5  002.jpg
2026-07-01 19:45:56,546 INFO       12       7       0.05  -170.61°   240.8   624.3    50.1    30.9  002.jpg
2026-07-01 19:45:56,546 INFO       11       3       0.04  -173.62°   144.5   492.5    34.6    30.4  002.jpg
2026-07-01 19:45:56,547 INFO       10       1       0.02  -173.13°   156.3   499.0    58.3    53.0  002.jpg
2026-07-01 19:45:56,547 INFO ================================================================================
2026-07-01 19:45:56,547 INFO 
Output directory: runs\002
2026-07-01 19:45:56,547 INFO Hoàn thành.
