2026-07-01 19:46:15,125 INFO === analyze_image.py ===
2026-07-01 19:46:15,125 INFO Input  : D:\PTIT\DTT\Nguyen_Huu_Hoang_Anh\260701\24class_test_images\000021.jpg
2026-07-01 19:46:15,136 INFO Output : runs\000021
2026-07-01 19:46:15,136 INFO Model  : D:\PTIT\DTT\Nguyen_Huu_Hoang_Anh\260701\tools\best_24Class_Soft_Angular_BCE.pt
2026-07-01 19:46:15,136 INFO IoU threshold (grouping): 0.5
2026-07-01 19:46:15,136 INFO Top-K anchors           : 200
2026-07-01 19:46:15,151 INFO Ảnh gốc: 2560×1440 → crop 1440×1440 → resize 640×640
2026-07-01 19:46:16,509 INFO Device: cpu
2026-07-01 19:46:16,560 INFO Model: best_24Class_Soft_Angular_BCE.pt  |  Classes: 24
2026-07-01 19:46:16,560 INFO Class→Angle mapping: {'Leanbot_0': 0.0, 'Leanbot_p15': 15.0, 'Leanbot_p30': 30.0, 'Leanbot_p45': 45.0, 'Leanbot_p60': 60.0, 'Leanbot_p75': 75.0, 'Leanbot_p90': 90.0, 'Leanbot_p105': 105.0, 'Leanbot_p120': 120.0, 'Leanbot_p135': 135.0, 'Leanbot_p150': 150.0, 'Leanbot_p165': 165.0, 'Leanbot_p180': 180.0, 'Leanbot_p195': 195.0, 'Leanbot_m150': -150.0, 'Leanbot_m135': -135.0, 'Leanbot_m120': -120.0, 'Leanbot_m105': -105.0, 'Leanbot_m90': -90.0, 'Leanbot_m75': -75.0, 'Leanbot_m60': -60.0, 'Leanbot_m45': -45.0, 'Leanbot_m30': -30.0, 'Leanbot_m15': -15.0}
2026-07-01 19:46:17,070 INFO Tổng số anchor thô: 8400
2026-07-01 19:46:17,075 INFO Top-200 anchors được chọn
2026-07-01 19:46:17,087 INFO raw_anchors.csv đã lưu (200 dòng)
2026-07-01 19:46:17,148 INFO Số group sau khi gom (IoU>0.5): 12
2026-07-01 19:46:17,167 INFO grouped_anchors.csv đã lưu (200 dòng)
2026-07-01 19:46:17,185 INFO vector_summary.csv đã lưu (12 nhóm)
2026-07-01 19:46:17,191 INFO detected_groups.jpg đã lưu
2026-07-01 19:46:17,282 INFO debug_groups.csv đã lưu (200 dòng)
2026-07-01 19:46:17,283 INFO 
=== KẾT QUẢ PHÂN TÍCH ===
2026-07-01 19:46:17,283 INFO group_id anchors  magnitude     angle     x_c     y_c       w       h  image
2026-07-01 19:46:17,283 INFO --------------------------------------------------------------------------------
2026-07-01 19:46:17,284 INFO        3      23      14.58    13.58°   370.9   257.9    85.5    54.4  000021.jpg
2026-07-01 19:46:17,284 INFO        4      23      13.45    11.88°   193.5   380.9   102.5    69.7  000021.jpg
2026-07-01 19:46:17,284 INFO        5      19      12.93     5.50°   576.1   384.1   108.9    71.5  000021.jpg
2026-07-01 19:46:17,285 INFO        7      23      11.32    14.35°   377.5   387.0   103.6    69.7  000021.jpg
2026-07-01 19:46:17,285 INFO        6      23      11.08    14.02°   214.1   256.6    86.7    53.9  000021.jpg
2026-07-01 19:46:17,285 INFO        1      21      10.96     8.10°   230.1   162.3    74.8    47.0  000021.jpg
2026-07-01 19:46:17,285 INFO        2      18      10.07     4.10°   361.6   165.4    74.2    46.3  000021.jpg
2026-07-01 19:46:17,285 INFO        9      19       9.05     8.53°   534.5   251.1    90.3    58.3  000021.jpg
2026-07-01 19:46:17,285 INFO        8      19       8.65     9.33°   506.4   156.7    79.7    49.1  000021.jpg
2026-07-01 19:46:17,286 INFO       10       9       0.09   120.25°   241.0   625.2    60.8    29.4  000021.jpg
2026-07-01 19:46:17,286 INFO       11       2       0.01   -28.34°   215.4   209.6    95.1   155.0  000021.jpg
2026-07-01 19:46:17,286 INFO       12       1       0.00   -22.83°   365.3   211.8    85.8   148.6  000021.jpg
2026-07-01 19:46:17,286 INFO ================================================================================
2026-07-01 19:46:17,286 INFO 
Output directory: runs\000021
2026-07-01 19:46:17,286 INFO Hoàn thành.
