2026-07-01 19:46:24,168 INFO === analyze_image.py ===
2026-07-01 19:46:24,168 INFO Input  : D:\PTIT\DTT\Nguyen_Huu_Hoang_Anh\260701\24class_test_images\000034.jpg
2026-07-01 19:46:24,169 INFO Output : runs\000034
2026-07-01 19:46:24,169 INFO Model  : D:\PTIT\DTT\Nguyen_Huu_Hoang_Anh\260701\tools\best_24Class_Soft_Angular_BCE.pt
2026-07-01 19:46:24,169 INFO IoU threshold (grouping): 0.5
2026-07-01 19:46:24,169 INFO Top-K anchors           : 200
2026-07-01 19:46:24,195 INFO Ảnh gốc: 2560×1440 → crop 1440×1440 → resize 640×640
2026-07-01 19:46:25,313 INFO Device: cpu
2026-07-01 19:46:25,484 INFO Model: best_24Class_Soft_Angular_BCE.pt  |  Classes: 24
2026-07-01 19:46:25,488 INFO Class→Angle mapping: {'Leanbot_0': 0.0, 'Leanbot_p15': 15.0, 'Leanbot_p30': 30.0, 'Leanbot_p45': 45.0, 'Leanbot_p60': 60.0, 'Leanbot_p75': 75.0, 'Leanbot_p90': 90.0, 'Leanbot_p105': 105.0, 'Leanbot_p120': 120.0, 'Leanbot_p135': 135.0, 'Leanbot_p150': 150.0, 'Leanbot_p165': 165.0, 'Leanbot_p180': 180.0, 'Leanbot_p195': 195.0, 'Leanbot_m150': -150.0, 'Leanbot_m135': -135.0, 'Leanbot_m120': -120.0, 'Leanbot_m105': -105.0, 'Leanbot_m90': -90.0, 'Leanbot_m75': -75.0, 'Leanbot_m60': -60.0, 'Leanbot_m45': -45.0, 'Leanbot_m30': -30.0, 'Leanbot_m15': -15.0}
2026-07-01 19:46:25,633 INFO Tổng số anchor thô: 8400
2026-07-01 19:46:25,641 INFO Top-200 anchors được chọn
2026-07-01 19:46:25,653 INFO raw_anchors.csv đã lưu (200 dòng)
2026-07-01 19:46:25,721 INFO Số group sau khi gom (IoU>0.5): 13
2026-07-01 19:46:25,734 INFO grouped_anchors.csv đã lưu (200 dòng)
2026-07-01 19:46:25,749 INFO vector_summary.csv đã lưu (13 nhóm)
2026-07-01 19:46:25,756 INFO detected_groups.jpg đã lưu
2026-07-01 19:46:25,834 INFO debug_groups.csv đã lưu (200 dòng)
2026-07-01 19:46:25,834 INFO 
=== KẾT QUẢ PHÂN TÍCH ===
2026-07-01 19:46:25,838 INFO group_id anchors  magnitude     angle     x_c     y_c       w       h  image
2026-07-01 19:46:25,838 INFO --------------------------------------------------------------------------------
2026-07-01 19:46:25,839 INFO        1      14      22.73   -49.22°   382.3   213.3    72.8    54.9  000034.jpg
2026-07-01 19:46:25,839 INFO        3      19      21.57   -54.56°   235.2   214.7    66.2    58.6  000034.jpg
2026-07-01 19:46:25,839 INFO        8      20      20.09   -50.82°   394.6   326.0    84.4    68.3  000034.jpg
2026-07-01 19:46:25,839 INFO        2      26      19.15   -54.76°   407.0   489.6   105.2   105.3  000034.jpg
2026-07-01 19:46:25,839 INFO        5      20      16.97   -51.02°   539.2   208.7    76.8    52.8  000034.jpg
2026-07-01 19:46:25,840 INFO        6      21      16.97   -47.69°   570.5   317.8   100.2    69.8  000034.jpg
2026-07-01 19:46:25,840 INFO        9      17      16.14   -59.37°   214.2   324.0    73.0    69.1  000034.jpg
2026-07-01 19:46:25,840 INFO        7      25      14.22   -66.64°   184.3   474.7    83.6    97.9  000034.jpg
2026-07-01 19:46:25,841 INFO        4      29      12.99   -50.59°   608.3   493.3    63.6   107.3  000034.jpg
2026-07-01 19:46:25,841 INFO       10       4       0.03  -149.38°   629.8   493.0    20.3   100.4  000034.jpg
2026-07-01 19:46:25,841 INFO       12       2       0.01    51.43°     7.7   241.2    15.5    78.3  000034.jpg
2026-07-01 19:46:25,841 INFO       11       1       0.00   -43.28°   403.8   457.4   100.1    40.4  000034.jpg
2026-07-01 19:46:25,841 INFO       13       2       0.00   144.93°     3.8   237.8     7.7    71.6  000034.jpg
2026-07-01 19:46:25,841 INFO ================================================================================
2026-07-01 19:46:25,841 INFO 
Output directory: runs\000034
2026-07-01 19:46:25,841 INFO Hoàn thành.
